<?xml version="1.0" encoding="UTF-8"?>
<!-- Generated by org.testng.reporters.JUnitReportReporter -->
<testsuite hostname="TYSS-Bredlin" failures="0" tests="1" name="com.spotify.endtoend.EndToEnd" time="1.719" errors="0" timestamp="2023-01-09T08:36:36 IST" skipped="0">
  <testcase classname="com.spotify.endtoend.EndToEnd" name="endToend" time="1.719"/>
  <system-out/>
</testsuite> <!-- com.spotify.endtoend.EndToEnd -->
