<?xml version="1.0" encoding="UTF-8"?>
<!-- Generated by org.testng.reporters.JUnitReportReporter -->
<testsuite hostname="TYSS-Bredlin" failures="0" tests="1" name="com.spotify.authorization.RenewToken" time="2.017" errors="0" timestamp="2023-01-09T08:29:05 IST" skipped="0">
  <testcase classname="com.spotify.authorization.RenewToken" name="get_Token" time="2.017"/>
  <system-out/>
</testsuite> <!-- com.spotify.authorization.RenewToken -->
