<?xml version="1.0" encoding="UTF-8"?>
<!-- Generated by org.testng.reporters.JUnitReportReporter -->
<testsuite hostname="TYSS-Bredlin" failures="0" tests="1" name="com.spotify.users.GetCurrentUsersProfile" time="3.633" errors="0" timestamp="2023-01-09T10:43:40 IST" skipped="0">
  <testcase classname="com.spotify.users.GetCurrentUsersProfile" name="getCurrentUsersProfile" time="3.633"/>
  <system-out/>
</testsuite> <!-- com.spotify.users.GetCurrentUsersProfile -->
